Determining if the pthread_create exist failed with the following output:
Change Dir: /home/daniel/CLionProjects/pcl_icp/cmake-build-debug/CMakeFiles/CMakeTmp

Run Build Command:"/usr/bin/make" "cmTC_585fa/fast"
/usr/bin/make -f CMakeFiles/cmTC_585fa.dir/build.make CMakeFiles/cmTC_585fa.dir/build
make[1]: Entering directory `/home/daniel/CLionProjects/pcl_icp/cmake-build-debug/CMakeFiles/CMakeTmp'
Building C object CMakeFiles/cmTC_585fa.dir/CheckSymbolExists.c.o
/usr/bin/cc    -o CMakeFiles/cmTC_585fa.dir/CheckSymbolExists.c.o   -c /home/daniel/CLionProjects/pcl_icp/cmake-build-debug/CMakeFiles/CMakeTmp/CheckSymbolExists.c
Linking C executable cmTC_585fa
/home/daniel/.myapp/clion-2017.1.3/bin/cmake/bin/cmake -E cmake_link_script CMakeFiles/cmTC_585fa.dir/link.txt --verbose=1
/usr/bin/cc      CMakeFiles/cmTC_585fa.dir/CheckSymbolExists.c.o  -o cmTC_585fa 
CMakeFiles/cmTC_585fa.dir/CheckSymbolExists.c.o: In function `main':
CheckSymbolExists.c:(.text+0x16): undefined reference to `pthread_create'
collect2: error: ld returned 1 exit status
make[1]: *** [cmTC_585fa] Error 1
make[1]: Leaving directory `/home/daniel/CLionProjects/pcl_icp/cmake-build-debug/CMakeFiles/CMakeTmp'
make: *** [cmTC_585fa/fast] Error 2

File /home/daniel/CLionProjects/pcl_icp/cmake-build-debug/CMakeFiles/CMakeTmp/CheckSymbolExists.c:
/* */
#include <pthread.h>

int main(int argc, char** argv)
{
  (void)argv;
#ifndef pthread_create
  return ((int*)(&pthread_create))[argc];
#else
  (void)argc;
  return 0;
#endif
}

Determining if the function pthread_create exists in the pthreads failed with the following output:
Change Dir: /home/daniel/CLionProjects/pcl_icp/cmake-build-debug/CMakeFiles/CMakeTmp

Run Build Command:"/usr/bin/make" "cmTC_57830/fast"
/usr/bin/make -f CMakeFiles/cmTC_57830.dir/build.make CMakeFiles/cmTC_57830.dir/build
make[1]: Entering directory `/home/daniel/CLionProjects/pcl_icp/cmake-build-debug/CMakeFiles/CMakeTmp'
Building C object CMakeFiles/cmTC_57830.dir/CheckFunctionExists.c.o
/usr/bin/cc   -DCHECK_FUNCTION_EXISTS=pthread_create   -o CMakeFiles/cmTC_57830.dir/CheckFunctionExists.c.o   -c /home/daniel/.myapp/clion-2017.1.3/bin/cmake/share/cmake-3.8/Modules/CheckFunctionExists.c
Linking C executable cmTC_57830
/home/daniel/.myapp/clion-2017.1.3/bin/cmake/bin/cmake -E cmake_link_script CMakeFiles/cmTC_57830.dir/link.txt --verbose=1
/usr/bin/cc  -DCHECK_FUNCTION_EXISTS=pthread_create    CMakeFiles/cmTC_57830.dir/CheckFunctionExists.c.o  -o cmTC_57830 -lpthreads 
/usr/bin/ld: cannot find -lpthreads
collect2: error: ld returned 1 exit status
make[1]: *** [cmTC_57830] Error 1
make[1]: Leaving directory `/home/daniel/CLionProjects/pcl_icp/cmake-build-debug/CMakeFiles/CMakeTmp'
make: *** [cmTC_57830/fast] Error 2


